2021-03-10 13:41:58,446 - simple_example - DEBUG - 
select user_id,
       pwd,
       user_name,
       birth,
       mobile,
       email,
       in_date,
       in_user_id,
       up_date,
       up_user_id
FROM suser
where user_id =:1
  and pwd =:2
order by user_id desc
2021-03-10 13:41:59,053 - simple_example - DEBUG - 
select user_id,
       pwd,
       user_name,
       birth,
       mobile,
       email,
       in_date,
       in_user_id,
       up_date,
       up_user_id
FROM suser
order by user_id desc
2021-03-10 14:15:12,851 - simple_example - DEBUG - 
select user_id,
       pwd,
       user_name,
       birth,
       mobile,
       email,
       in_date,
       in_user_id,
       up_date,
       up_user_id
FROM suser
where user_id =:1
  and pwd =:2
order by user_id desc
2021-03-10 14:15:13,568 - simple_example - DEBUG - 
select user_id,
       pwd,
       user_name,
       birth,
       mobile,
       email,
       in_date,
       in_user_id,
       up_date,
       up_user_id
FROM suser
order by user_id desc
2021-03-10 14:16:24,597 - simple_example - DEBUG - 
select user_id,
       pwd,
       user_name,
       birth,
       mobile,
       email,
       in_date,
       in_user_id,
       up_date,
       up_user_id
FROM suser
where user_id =:1
  and pwd =:2
order by user_id desc
2021-03-10 14:16:25,256 - simple_example - DEBUG - 
select user_id,
       pwd,
       user_name,
       birth,
       mobile,
       email,
       in_date,
       in_user_id,
       up_date,
       up_user_id
FROM suser
order by user_id desc
2021-03-10 14:18:05,028 - simple_example - DEBUG - 
select user_id,
       pwd,
       user_name,
       birth,
       mobile,
       email,
       in_date,
       in_user_id,
       up_date,
       up_user_id
FROM suser
where user_id =:1
  and pwd =:2
order by user_id desc
2021-03-10 14:18:05,624 - simple_example - DEBUG - 
select user_id,
       pwd,
       user_name,
       birth,
       mobile,
       email,
       in_date,
       in_user_id,
       up_date,
       up_user_id
FROM suser
order by user_id desc
2021-03-10 14:46:55,163 - simple_example - DEBUG - 
select user_id,
       pwd,
       user_name,
       birth,
       mobile,
       email,
       in_date,
       in_user_id,
       up_date,
       up_user_id
FROM suser
where user_id =:1
  and pwd =:2
order by user_id desc
2021-03-10 14:46:56,211 - simple_example - DEBUG - 
select survey_id,
       s_seq,
       question,
       a1,
       a2,
       a3,
       a4,
       in_date,
       in_user_id,
       up_date,
       up_user_id
FROM sdetail
2021-03-10 14:46:56,604 - simple_example - DEBUG - 
select survey_id,
       title,
       content,
       interview_cnt,
       deadline,
       in_date,
       in_user_id,
       up_date,
       up_user_id
FROM survey
2021-03-10 14:47:46,995 - simple_example - DEBUG - 
insert into survey (survey_id, title, content, interview_cnt, deadline, in_date, in_user_id, up_date, up_user_id)
values (:1, :2, :3, :4, :5, to_char(sysdate,'yyyymmdd.hh24miss'), :6, to_char(sysdate,'yyyymmdd.hh24miss'), :7)
2021-03-10 14:47:47,025 - simple_example - DEBUG - 
select survey_id,
       title,
       content,
       interview_cnt,
       deadline,
       in_date,
       in_user_id,
       up_date,
       up_user_id
FROM survey
2021-03-10 14:48:31,221 - simple_example - DEBUG - 
select survey_id,
       title,
       content,
       interview_cnt,
       deadline,
       in_date,
       in_user_id,
       up_date,
       up_user_id
FROM survey
2021-03-10 14:48:31,789 - simple_example - DEBUG - 
select survey_id,
       title,
       content,
       interview_cnt,
       deadline,
       in_date,
       in_user_id,
       up_date,
       up_user_id
FROM survey
2021-03-10 14:53:21,748 - simple_example - DEBUG - 
select user_id,
       pwd,
       user_name,
       birth,
       mobile,
       email,
       in_date,
       in_user_id,
       up_date,
       up_user_id
FROM suser
where user_id =:1
  and pwd =:2
order by user_id desc
2021-03-10 14:53:22,691 - simple_example - DEBUG - 
select survey_id,
       title,
       content,
       interview_cnt,
       deadline,
       in_date,
       in_user_id,
       up_date,
       up_user_id
FROM survey
2021-03-10 14:53:27,960 - simple_example - DEBUG - 
insert into survey (survey_id, title, content, interview_cnt, deadline, in_date, in_user_id, up_date, up_user_id)
values (survey_seq.nextval, :1, :2, :3, :4, to_char(sysdate,'yyyymmdd.hh24miss'), :5, to_char(sysdate,'yyyymmdd.hh24miss') :6)
2021-03-10 14:53:41,588 - simple_example - DEBUG - 
select survey_id,
       title,
       content,
       interview_cnt,
       deadline,
       in_date,
       in_user_id,
       up_date,
       up_user_id
FROM survey
2021-03-10 14:53:44,355 - simple_example - DEBUG - 
select survey_id,
       title,
       content,
       interview_cnt,
       deadline,
       in_date,
       in_user_id,
       up_date,
       up_user_id
FROM survey
2021-03-10 14:53:47,069 - simple_example - DEBUG - 
select survey_id,
       title,
       content,
       interview_cnt,
       deadline,
       in_date,
       in_user_id,
       up_date,
       up_user_id
FROM survey
2021-03-10 14:53:50,921 - simple_example - DEBUG - 
insert into survey (survey_id, title, content, interview_cnt, deadline, in_date, in_user_id, up_date, up_user_id)
values (survey_seq.nextval, :1, :2, :3, :4, to_char(sysdate,'yyyymmdd.hh24miss'), :5, to_char(sysdate,'yyyymmdd.hh24miss'), :6)
2021-03-10 14:53:50,952 - simple_example - DEBUG - 
select survey_id,
       title,
       content,
       interview_cnt,
       deadline,
       in_date,
       in_user_id,
       up_date,
       up_user_id
FROM survey
2021-03-10 14:55:38,680 - simple_example - DEBUG - 
select user_id,
       pwd,
       user_name,
       birth,
       mobile,
       email,
       in_date,
       in_user_id,
       up_date,
       up_user_id
FROM suser
where user_id =:1
  and pwd =:2
order by user_id desc
2021-03-10 14:55:39,358 - simple_example - DEBUG - 
select user_id,
       pwd,
       user_name,
       birth,
       mobile,
       email,
       in_date,
       in_user_id,
       up_date,
       up_user_id
FROM suser
order by user_id desc
2021-03-10 14:57:49,881 - simple_example - DEBUG - 
select user_id,
       pwd,
       user_name,
       birth,
       mobile,
       email,
       in_date,
       in_user_id,
       up_date,
       up_user_id
FROM suser
where user_id =:1
  and pwd =:2
order by user_id desc
2021-03-10 14:57:50,883 - simple_example - DEBUG - 
select survey_id,
       title,
       content,
       interview_cnt,
       deadline,
       in_date,
       in_user_id,
       up_date,
       up_user_id
FROM survey
2021-03-10 15:03:09,545 - simple_example - DEBUG - 
select user_id,
       pwd,
       user_name,
       birth,
       mobile,
       email,
       in_date,
       in_user_id,
       up_date,
       up_user_id
FROM suser
where user_id =:1
  and pwd =:2
order by user_id desc
2021-03-10 15:03:10,841 - simple_example - DEBUG - 
select survey_id,
       title,
       content,
       interview_cnt,
       deadline,
       in_date,
       in_user_id,
       up_date,
       up_user_id
FROM survey
2021-03-10 15:03:21,615 - simple_example - DEBUG - 
delete survey
where survey_id =:1
2021-03-10 15:03:21,647 - simple_example - DEBUG - 
select survey_id,
       title,
       content,
       interview_cnt,
       deadline,
       in_date,
       in_user_id,
       up_date,
       up_user_id
FROM survey
2021-03-10 15:03:23,746 - simple_example - DEBUG - 
delete survey
where survey_id =:1
2021-03-10 15:03:23,774 - simple_example - DEBUG - 
select survey_id,
       title,
       content,
       interview_cnt,
       deadline,
       in_date,
       in_user_id,
       up_date,
       up_user_id
FROM survey
2021-03-10 15:03:25,615 - simple_example - DEBUG - 
delete survey
where survey_id =:1
2021-03-10 15:03:29,312 - simple_example - DEBUG - 
delete survey
where survey_id =:1
2021-03-10 15:03:29,341 - simple_example - DEBUG - 
select survey_id,
       title,
       content,
       interview_cnt,
       deadline,
       in_date,
       in_user_id,
       up_date,
       up_user_id
FROM survey
2021-03-10 15:03:39,542 - simple_example - DEBUG - 
insert into survey (survey_id, title, content, interview_cnt, deadline, in_date, in_user_id, up_date, up_user_id)
values (survey_seq.nextval, :1, :2, :3, :4, to_char(sysdate,'yyyymmdd.hh24miss'), :5, to_char(sysdate,'yyyymmdd.hh24miss'), :6)
2021-03-10 15:03:39,572 - simple_example - DEBUG - 
select survey_id,
       title,
       content,
       interview_cnt,
       deadline,
       in_date,
       in_user_id,
       up_date,
       up_user_id
FROM survey
2021-03-10 15:04:29,050 - simple_example - DEBUG - 
select survey_id,
       title,
       content,
       interview_cnt,
       deadline,
       in_date,
       in_user_id,
       up_date,
       up_user_id
FROM survey
2021-03-10 15:04:34,121 - simple_example - DEBUG - 
select survey_id,
       title,
       content,
       interview_cnt,
       deadline,
       in_date,
       in_user_id,
       up_date,
       up_user_id
FROM survey
2021-03-10 15:05:08,637 - simple_example - DEBUG - 
update survey
set title =:1,
    content =:2,
    interview_cnt =:3,
    deadline =:4,
    up_date = to_char(sysdate, 'yyyymmdd.hh24miss'),
    up_user_id =:5
where survey_id =:6
2021-03-10 15:05:08,668 - simple_example - DEBUG - 
select survey_id,
       title,
       content,
       interview_cnt,
       deadline,
       in_date,
       in_user_id,
       up_date,
       up_user_id
FROM survey
2021-03-10 15:06:44,708 - simple_example - DEBUG - 
select user_id,
       pwd,
       user_name,
       birth,
       mobile,
       email,
       in_date,
       in_user_id,
       up_date,
       up_user_id
FROM suser
where user_id =:1
  and pwd =:2
order by user_id desc
2021-03-10 15:06:46,105 - simple_example - DEBUG - 
select survey_id,
       title,
       content,
       interview_cnt,
       deadline,
       in_date,
       in_user_id,
       up_date,
       up_user_id
FROM survey
2021-03-10 15:07:14,126 - simple_example - DEBUG - 
select user_id,
       pwd,
       user_name,
       birth,
       mobile,
       email,
       in_date,
       in_user_id,
       up_date,
       up_user_id
FROM suser
order by user_id desc
2021-03-10 15:07:14,472 - simple_example - DEBUG - 
select survey_id,
       title,
       content,
       interview_cnt,
       deadline,
       in_date,
       in_user_id,
       up_date,
       up_user_id
FROM survey
2021-03-10 15:08:51,635 - simple_example - DEBUG - 
select user_id,
       pwd,
       user_name,
       birth,
       mobile,
       email,
       in_date,
       in_user_id,
       up_date,
       up_user_id
FROM suser
where user_id =:1
  and pwd =:2
order by user_id desc
2021-03-10 15:08:52,627 - simple_example - DEBUG - 
select survey_id,
       title,
       content,
       interview_cnt,
       deadline,
       in_date,
       in_user_id,
       up_date,
       up_user_id
FROM survey
2021-03-10 15:09:55,869 - simple_example - DEBUG - 
select user_id,
       pwd,
       user_name,
       birth,
       mobile,
       email,
       in_date,
       in_user_id,
       up_date,
       up_user_id
FROM suser
where user_id =:1
  and pwd =:2
order by user_id desc
2021-03-10 15:09:57,139 - simple_example - DEBUG - 
select survey_id,
       title,
       content,
       interview_cnt,
       deadline,
       in_date,
       in_user_id,
       up_date,
       up_user_id
FROM survey
2021-03-10 15:14:44,046 - simple_example - DEBUG - 
select user_id,
       pwd,
       user_name,
       birth,
       mobile,
       email,
       in_date,
       in_user_id,
       up_date,
       up_user_id
FROM suser
where user_id =:1
  and pwd =:2
order by user_id desc
2021-03-10 15:14:44,930 - simple_example - DEBUG - 
select survey_id,
       title,
       content,
       interview_cnt,
       deadline,
       in_date,
       in_user_id,
       up_date,
       up_user_id
FROM survey
where in_user_id=:1
2021-03-10 15:15:11,876 - simple_example - DEBUG - 
select survey_id,
       title,
       content,
       interview_cnt,
       deadline,
       in_date,
       in_user_id,
       up_date,
       up_user_id
FROM survey
where in_user_id=:1
2021-03-10 15:18:49,477 - simple_example - DEBUG - 
select user_id,
       pwd,
       user_name,
       birth,
       mobile,
       email,
       in_date,
       in_user_id,
       up_date,
       up_user_id
FROM suser
where user_id =:1
  and pwd =:2
order by user_id desc
2021-03-10 15:18:55,874 - simple_example - DEBUG - 
select user_id,
       pwd,
       user_name,
       birth,
       mobile,
       email,
       in_date,
       in_user_id,
       up_date,
       up_user_id
FROM suser
where user_id =:1
  and pwd =:2
order by user_id desc
2021-03-10 15:18:58,472 - simple_example - DEBUG - 
select user_id,
       pwd,
       user_name,
       birth,
       mobile,
       email,
       in_date,
       in_user_id,
       up_date,
       up_user_id
FROM suser
order by user_id desc
2021-03-10 15:19:00,961 - simple_example - DEBUG - 
select survey_id,
       title,
       content,
       interview_cnt,
       deadline,
       in_date,
       in_user_id,
       up_date,
       up_user_id
FROM survey
where in_user_id=:1
2021-03-10 15:19:06,829 - simple_example - DEBUG - 
select survey_id,
       title,
       content,
       interview_cnt,
       deadline,
       in_date,
       in_user_id,
       up_date,
       up_user_id
FROM survey
where in_user_id=:1
2021-03-10 15:19:33,676 - simple_example - DEBUG - 
select survey_id,
       title,
       content,
       interview_cnt,
       deadline,
       in_date,
       in_user_id,
       up_date,
       up_user_id
FROM survey
where in_user_id=:1
2021-03-10 15:19:51,949 - simple_example - DEBUG - 
select survey_id,
       title,
       content,
       interview_cnt,
       deadline,
       in_date,
       in_user_id,
       up_date,
       up_user_id
FROM survey
where in_user_id=:1
2021-03-10 15:20:11,636 - simple_example - DEBUG - 
select survey_id,
       title,
       content,
       interview_cnt,
       deadline,
       in_date,
       in_user_id,
       up_date,
       up_user_id
FROM survey
where in_user_id=:1
2021-03-10 15:20:11,817 - simple_example - DEBUG - 
select survey_id,
       title,
       content,
       interview_cnt,
       deadline,
       in_date,
       in_user_id,
       up_date,
       up_user_id
FROM survey
where in_user_id=:1
2021-03-10 15:20:11,981 - simple_example - DEBUG - 
select survey_id,
       title,
       content,
       interview_cnt,
       deadline,
       in_date,
       in_user_id,
       up_date,
       up_user_id
FROM survey
where in_user_id=:1
2021-03-10 15:20:12,098 - simple_example - DEBUG - 
select survey_id,
       title,
       content,
       interview_cnt,
       deadline,
       in_date,
       in_user_id,
       up_date,
       up_user_id
FROM survey
where in_user_id=:1
2021-03-10 15:20:12,244 - simple_example - DEBUG - 
select survey_id,
       title,
       content,
       interview_cnt,
       deadline,
       in_date,
       in_user_id,
       up_date,
       up_user_id
FROM survey
where in_user_id=:1
2021-03-10 15:20:12,363 - simple_example - DEBUG - 
select survey_id,
       title,
       content,
       interview_cnt,
       deadline,
       in_date,
       in_user_id,
       up_date,
       up_user_id
FROM survey
where in_user_id=:1
2021-03-10 15:20:12,513 - simple_example - DEBUG - 
select survey_id,
       title,
       content,
       interview_cnt,
       deadline,
       in_date,
       in_user_id,
       up_date,
       up_user_id
FROM survey
where in_user_id=:1
2021-03-10 15:20:12,657 - simple_example - DEBUG - 
select survey_id,
       title,
       content,
       interview_cnt,
       deadline,
       in_date,
       in_user_id,
       up_date,
       up_user_id
FROM survey
where in_user_id=:1
2021-03-10 15:20:12,794 - simple_example - DEBUG - 
select survey_id,
       title,
       content,
       interview_cnt,
       deadline,
       in_date,
       in_user_id,
       up_date,
       up_user_id
FROM survey
where in_user_id=:1
2021-03-10 15:20:56,544 - simple_example - DEBUG - 
select user_id,
       pwd,
       user_name,
       birth,
       mobile,
       email,
       in_date,
       in_user_id,
       up_date,
       up_user_id
FROM suser
order by user_id desc
2021-03-10 15:21:11,348 - simple_example - DEBUG - 
select user_id,
       pwd,
       user_name,
       birth,
       mobile,
       email,
       in_date,
       in_user_id,
       up_date,
       up_user_id
FROM suser
order by user_id desc
2021-03-10 15:21:20,865 - simple_example - DEBUG - 
select user_id,
       pwd,
       user_name,
       birth,
       mobile,
       email,
       in_date,
       in_user_id,
       up_date,
       up_user_id
FROM suser
order by user_id desc
2021-03-10 15:21:44,364 - simple_example - DEBUG - 
select user_id,
       pwd,
       user_name,
       birth,
       mobile,
       email,
       in_date,
       in_user_id,
       up_date,
       up_user_id
FROM suser
where user_id =:1
  and pwd =:2
order by user_id desc
2021-03-10 15:21:45,661 - simple_example - DEBUG - 
select survey_id,
       title,
       content,
       interview_cnt,
       deadline,
       in_date,
       in_user_id,
       up_date,
       up_user_id
FROM survey
where in_user_id=:1
2021-03-10 15:21:48,109 - simple_example - DEBUG - 
select user_id,
       pwd,
       user_name,
       birth,
       mobile,
       email,
       in_date,
       in_user_id,
       up_date,
       up_user_id
FROM suser
order by user_id desc
2021-03-10 15:26:14,139 - simple_example - DEBUG - 
select user_id,
       pwd,
       user_name,
       birth,
       mobile,
       email,
       in_date,
       in_user_id,
       up_date,
       up_user_id
FROM suser
where user_id =:1
  and pwd =:2
order by user_id desc
2021-03-10 15:26:16,975 - simple_example - DEBUG - 
select survey_id,
       title,
       content,
       interview_cnt,
       deadline,
       in_date,
       in_user_id,
       up_date,
       up_user_id
FROM survey
where in_user_id=:1
2021-03-10 15:29:04,171 - simple_example - DEBUG - 
select user_id,
       pwd,
       user_name,
       birth,
       mobile,
       email,
       in_date,
       in_user_id,
       up_date,
       up_user_id
FROM suser
where user_id =:1
  and pwd =:2
order by user_id desc
2021-03-10 15:29:06,344 - simple_example - DEBUG - 
select survey_id,
       title,
       content,
       interview_cnt,
       deadline,
       in_date,
       in_user_id,
       up_date,
       up_user_id
FROM survey
where in_user_id=:1
2021-03-10 15:29:07,883 - simple_example - DEBUG - 
select survey_id,
       title,
       content,
       interview_cnt,
       deadline,
       in_date,
       in_user_id,
       up_date,
       up_user_id
FROM survey
where in_user_id=:1
2021-03-10 15:29:34,029 - simple_example - DEBUG - 
select survey_id,
       title,
       content,
       interview_cnt,
       deadline,
       in_date,
       in_user_id,
       up_date,
       up_user_id
FROM survey
where in_user_id=:1
2021-03-10 15:30:11,602 - simple_example - DEBUG - 
select survey_id,
       title,
       content,
       interview_cnt,
       deadline,
       in_date,
       in_user_id,
       up_date,
       up_user_id
FROM survey
where in_user_id=:1
2021-03-10 15:30:34,603 - simple_example - DEBUG - 
select user_id,
       pwd,
       user_name,
       birth,
       mobile,
       email,
       in_date,
       in_user_id,
       up_date,
       up_user_id
FROM suser
order by user_id desc
2021-03-10 15:30:35,670 - simple_example - DEBUG - 
select user_id,
       pwd,
       user_name,
       birth,
       mobile,
       email,
       in_date,
       in_user_id,
       up_date,
       up_user_id
FROM suser
order by user_id desc
2021-03-10 15:30:54,614 - simple_example - DEBUG - 
select survey_id,
       title,
       content,
       interview_cnt,
       deadline,
       in_date,
       in_user_id,
       up_date,
       up_user_id
FROM survey
where in_user_id=:1
2021-03-10 15:31:14,220 - simple_example - DEBUG - 
select user_id,
       pwd,
       user_name,
       birth,
       mobile,
       email,
       in_date,
       in_user_id,
       up_date,
       up_user_id
FROM suser
where user_id =:1
  and pwd =:2
order by user_id desc
2021-03-10 15:31:14,914 - simple_example - DEBUG - 
select survey_id,
       title,
       content,
       interview_cnt,
       deadline,
       in_date,
       in_user_id,
       up_date,
       up_user_id
FROM survey
where in_user_id=:1
2021-03-10 15:33:52,020 - simple_example - DEBUG - 
select user_id,
       pwd,
       user_name,
       birth,
       mobile,
       email,
       in_date,
       in_user_id,
       up_date,
       up_user_id
FROM suser
where user_id =:1
  and pwd =:2
order by user_id desc
2021-03-10 15:33:53,054 - simple_example - DEBUG - 
select survey_id,
       title,
       content,
       interview_cnt,
       deadline,
       in_date,
       in_user_id,
       up_date,
       up_user_id
FROM survey
where in_user_id=:1
2021-03-10 15:42:05,163 - simple_example - DEBUG - 
select user_id,
       pwd,
       user_name,
       birth,
       mobile,
       email,
       in_date,
       in_user_id,
       up_date,
       up_user_id
FROM suser
where user_id =:1
  and pwd =:2
order by user_id desc
2021-03-10 15:42:05,876 - simple_example - DEBUG - 
select user_id,
       pwd,
       user_name,
       birth,
       mobile,
       email,
       in_date,
       in_user_id,
       up_date,
       up_user_id
FROM suser
order by user_id desc
2021-03-10 15:42:07,269 - simple_example - DEBUG - 
select survey_id,
       title,
       content,
       interview_cnt,
       deadline,
       in_date,
       in_user_id,
       up_date,
       up_user_id
FROM survey
where in_user_id=:1
2021-03-10 15:42:08,972 - simple_example - DEBUG - 
select survey_id,
       s_seq,
       question,
       a1,
       a2,
       a3,
       a4,
       in_date,
       in_user_id,
       up_date,
       up_user_id
FROM sdetail
2021-03-10 15:42:09,949 - simple_example - DEBUG - 
select survey_id,
       title,
       content,
       interview_cnt,
       deadline,
       in_date,
       in_user_id,
       up_date,
       up_user_id
FROM survey
where in_user_id=:1
2021-03-10 15:42:10,614 - simple_example - DEBUG - 
select survey_id,
       st_mobile,
       complete_yn,
       in_date,
       in_user_id,
       up_date,
       up_user_id
FROM starget
2021-03-10 15:42:11,238 - simple_example - DEBUG - 
select survey_id,
       title,
       content,
       interview_cnt,
       deadline,
       in_date,
       in_user_id,
       up_date,
       up_user_id
FROM survey
where in_user_id=:1
2021-03-10 15:42:11,959 - simple_example - DEBUG - 
select survey_id,
       s_seq,
       st_mobile,
       answer,
       in_date,
       in_user_id,
       up_date,
       up_user_id
FROM sresult
2021-03-10 15:42:13,492 - simple_example - DEBUG - 
select survey_id,
       title,
       content,
       interview_cnt,
       deadline,
       in_date,
       in_user_id,
       up_date,
       up_user_id
FROM survey
where in_user_id=:1
2021-03-10 15:42:14,318 - simple_example - DEBUG - 
select survey_id,
       st_mobile,
       complete_yn,
       in_date,
       in_user_id,
       up_date,
       up_user_id
FROM starget
2021-03-10 15:42:14,829 - simple_example - DEBUG - 
select survey_id,
       title,
       content,
       interview_cnt,
       deadline,
       in_date,
       in_user_id,
       up_date,
       up_user_id
FROM survey
where in_user_id=:1
2021-03-10 15:42:15,861 - simple_example - DEBUG - 
select survey_id,
       s_seq,
       question,
       a1,
       a2,
       a3,
       a4,
       in_date,
       in_user_id,
       up_date,
       up_user_id
FROM sdetail
2021-03-10 15:42:16,535 - simple_example - DEBUG - 
select survey_id,
       title,
       content,
       interview_cnt,
       deadline,
       in_date,
       in_user_id,
       up_date,
       up_user_id
FROM survey
where in_user_id=:1
2021-03-10 15:42:18,034 - simple_example - DEBUG - 
select survey_id,
       st_mobile,
       complete_yn,
       in_date,
       in_user_id,
       up_date,
       up_user_id
FROM starget
2021-03-10 15:42:19,644 - simple_example - DEBUG - 
select survey_id,
       s_seq,
       question,
       a1,
       a2,
       a3,
       a4,
       in_date,
       in_user_id,
       up_date,
       up_user_id
FROM sdetail
2021-03-10 15:42:21,887 - simple_example - DEBUG - 
select survey_id,
       s_seq,
       question,
       a1,
       a2,
       a3,
       a4,
       in_date,
       in_user_id,
       up_date,
       up_user_id
FROM sdetail
2021-03-10 15:42:23,004 - simple_example - DEBUG - 
select survey_id,
       st_mobile,
       complete_yn,
       in_date,
       in_user_id,
       up_date,
       up_user_id
FROM starget
2021-03-10 15:42:23,862 - simple_example - DEBUG - 
select survey_id,
       s_seq,
       st_mobile,
       answer,
       in_date,
       in_user_id,
       up_date,
       up_user_id
FROM sresult
2021-03-10 15:42:24,653 - simple_example - DEBUG - 
select survey_id,
       title,
       content,
       interview_cnt,
       deadline,
       in_date,
       in_user_id,
       up_date,
       up_user_id
FROM survey
where in_user_id=:1
2021-03-10 15:42:25,508 - simple_example - DEBUG - 
select survey_id,
       st_mobile,
       complete_yn,
       in_date,
       in_user_id,
       up_date,
       up_user_id
FROM starget
2021-03-10 15:42:26,695 - simple_example - DEBUG - 
select survey_id,
       title,
       content,
       interview_cnt,
       deadline,
       in_date,
       in_user_id,
       up_date,
       up_user_id
FROM survey
where in_user_id=:1
2021-03-10 15:43:02,405 - simple_example - DEBUG - 
select survey_id,
       s_seq,
       question,
       a1,
       a2,
       a3,
       a4,
       in_date,
       in_user_id,
       up_date,
       up_user_id
FROM sdetail
2021-03-10 15:43:34,285 - simple_example - DEBUG - 
select survey_id,
       title,
       content,
       interview_cnt,
       deadline,
       in_date,
       in_user_id,
       up_date,
       up_user_id
FROM survey
where in_user_id=:1
2021-03-10 15:45:54,296 - simple_example - DEBUG - 
select user_id,
       pwd,
       user_name,
       birth,
       mobile,
       email,
       in_date,
       in_user_id,
       up_date,
       up_user_id
FROM suser
where user_id =:1
  and pwd =:2
order by user_id desc
2021-03-10 15:45:55,086 - simple_example - DEBUG - 
select survey_id,
       title,
       content,
       interview_cnt,
       deadline,
       in_date,
       in_user_id,
       up_date,
       up_user_id
FROM survey
where in_user_id=:1
2021-03-10 15:45:56,320 - simple_example - DEBUG - 
select survey_id,
       s_seq,
       question,
       a1,
       a2,
       a3,
       a4,
       in_date,
       in_user_id,
       up_date,
       up_user_id
FROM sdetail
2021-03-10 15:47:31,461 - simple_example - DEBUG - 
select user_id,
       pwd,
       user_name,
       birth,
       mobile,
       email,
       in_date,
       in_user_id,
       up_date,
       up_user_id
FROM suser
where user_id =:1
  and pwd =:2
order by user_id desc
2021-03-10 15:47:32,411 - simple_example - DEBUG - 
select survey_id,
       title,
       content,
       interview_cnt,
       deadline,
       in_date,
       in_user_id,
       up_date,
       up_user_id
FROM survey
where in_user_id=:1
2021-03-10 15:48:04,782 - simple_example - DEBUG - 
select survey_id,
       title,
       content,
       interview_cnt,
       deadline,
       in_date,
       in_user_id,
       up_date,
       up_user_id
FROM survey
where in_user_id=:1
2021-03-10 15:48:17,046 - simple_example - DEBUG - 
select survey_id,
       title,
       content,
       interview_cnt,
       deadline,
       in_date,
       in_user_id,
       up_date,
       up_user_id
FROM survey
where in_user_id=:1
2021-03-10 15:49:14,358 - simple_example - DEBUG - 
select survey_id,
       title,
       content,
       interview_cnt,
       deadline,
       in_date,
       in_user_id,
       up_date,
       up_user_id
FROM survey
where in_user_id=:1
2021-03-10 15:49:15,996 - simple_example - DEBUG - 
select survey_id,
       s_seq,
       question,
       a1,
       a2,
       a3,
       a4,
       in_date,
       in_user_id,
       up_date,
       up_user_id
FROM sdetail
where survey_id=:1
2021-03-10 15:49:34,657 - simple_example - DEBUG - 
insert into sdetail (survey_id, s_seq, question, a1, a2, a3, a4, in_date, in_user_id, up_date, up_user_id)
values (:1, :2, :3, :4, :5, :6, :7, to_char(sysdate,'yyyymmdd.hh24miss'), :8, :9, :10)
2021-03-10 15:49:41,219 - simple_example - DEBUG - 
select user_id,
       pwd,
       user_name,
       birth,
       mobile,
       email,
       in_date,
       in_user_id,
       up_date,
       up_user_id
FROM suser
order by user_id desc
2021-03-10 15:49:42,371 - simple_example - DEBUG - 
select survey_id,
       title,
       content,
       interview_cnt,
       deadline,
       in_date,
       in_user_id,
       up_date,
       up_user_id
FROM survey
where in_user_id=:1
2021-03-10 15:53:28,255 - simple_example - DEBUG - 
select user_id,
       pwd,
       user_name,
       birth,
       mobile,
       email,
       in_date,
       in_user_id,
       up_date,
       up_user_id
FROM suser
where user_id =:1
  and pwd =:2
order by user_id desc
2021-03-10 15:53:29,150 - simple_example - DEBUG - 
select survey_id,
       title,
       content,
       interview_cnt,
       deadline,
       in_date,
       in_user_id,
       up_date,
       up_user_id
FROM survey
where in_user_id=:1
2021-03-10 15:53:30,372 - simple_example - DEBUG - 
select survey_id,
       s_seq,
       question,
       a1,
       a2,
       a3,
       a4,
       in_date,
       in_user_id,
       up_date,
       up_user_id
FROM sdetail
where survey_id=:1
2021-03-10 15:53:31,932 - simple_example - DEBUG - 
select survey_id,
       s_seq,
       question,
       a1,
       a2,
       a3,
       a4,
       in_date,
       in_user_id,
       up_date,
       up_user_id
FROM sdetail
where survey_id=:1
2021-03-10 15:54:18,979 - simple_example - DEBUG - 
select survey_id,
       title,
       content,
       interview_cnt,
       deadline,
       in_date,
       in_user_id,
       up_date,
       up_user_id
FROM survey
where in_user_id=:1
2021-03-10 15:54:21,524 - simple_example - DEBUG - 
select survey_id,
       s_seq,
       question,
       a1,
       a2,
       a3,
       a4,
       in_date,
       in_user_id,
       up_date,
       up_user_id
FROM sdetail
where survey_id=:1
2021-03-10 15:54:24,795 - simple_example - DEBUG - 
select survey_id,
       s_seq,
       question,
       a1,
       a2,
       a3,
       a4,
       in_date,
       in_user_id,
       up_date,
       up_user_id
FROM sdetail
where survey_id=:1
2021-03-10 15:56:39,693 - simple_example - DEBUG - 
select user_id,
       pwd,
       user_name,
       birth,
       mobile,
       email,
       in_date,
       in_user_id,
       up_date,
       up_user_id
FROM suser
where user_id =:1
  and pwd =:2
order by user_id desc
2021-03-10 15:56:40,557 - simple_example - DEBUG - 
select survey_id,
       title,
       content,
       interview_cnt,
       deadline,
       in_date,
       in_user_id,
       up_date,
       up_user_id
FROM survey
where in_user_id=:1
2021-03-10 15:56:41,725 - simple_example - DEBUG - 
select survey_id,
       s_seq,
       question,
       a1,
       a2,
       a3,
       a4,
       in_date,
       in_user_id,
       up_date,
       up_user_id
FROM sdetail
where survey_id=:1
2021-03-10 15:56:53,082 - simple_example - DEBUG - 
select survey_id,
       title,
       content,
       interview_cnt,
       deadline,
       in_date,
       in_user_id,
       up_date,
       up_user_id
FROM survey
where in_user_id=:1
2021-03-10 15:56:54,305 - simple_example - DEBUG - 
select survey_id,
       st_mobile,
       complete_yn,
       in_date,
       in_user_id,
       up_date,
       up_user_id
FROM starget
2021-03-10 15:56:58,149 - simple_example - DEBUG - 
select survey_id,
       title,
       content,
       interview_cnt,
       deadline,
       in_date,
       in_user_id,
       up_date,
       up_user_id
FROM survey
where in_user_id=:1
2021-03-10 15:56:58,877 - simple_example - DEBUG - 
select survey_id,
       s_seq,
       st_mobile,
       answer,
       in_date,
       in_user_id,
       up_date,
       up_user_id
FROM sresult
2021-03-10 15:56:59,766 - simple_example - DEBUG - 
select survey_id,
       title,
       content,
       interview_cnt,
       deadline,
       in_date,
       in_user_id,
       up_date,
       up_user_id
FROM survey
where in_user_id=:1
2021-03-10 15:57:04,211 - simple_example - DEBUG - 
select survey_id,
       title,
       content,
       interview_cnt,
       deadline,
       in_date,
       in_user_id,
       up_date,
       up_user_id
FROM survey
where in_user_id=:1
2021-03-10 15:59:20,086 - simple_example - DEBUG - 
select user_id,
       pwd,
       user_name,
       birth,
       mobile,
       email,
       in_date,
       in_user_id,
       up_date,
       up_user_id
FROM suser
where user_id =:1
  and pwd =:2
order by user_id desc
2021-03-10 15:59:20,788 - simple_example - DEBUG - 
select survey_id,
       title,
       content,
       interview_cnt,
       deadline,
       in_date,
       in_user_id,
       up_date,
       up_user_id
FROM survey
where in_user_id=:1
2021-03-10 15:59:37,566 - simple_example - DEBUG - 
select survey_id,
       title,
       content,
       interview_cnt,
       deadline,
       in_date,
       in_user_id,
       up_date,
       up_user_id
FROM survey
where in_user_id=:1
2021-03-10 15:59:38,000 - simple_example - DEBUG - 
select survey_id,
       title,
       content,
       interview_cnt,
       deadline,
       in_date,
       in_user_id,
       up_date,
       up_user_id
FROM survey
where in_user_id=:1
2021-03-10 15:59:42,662 - simple_example - DEBUG - 
select survey_id,
       title,
       content,
       interview_cnt,
       deadline,
       in_date,
       in_user_id,
       up_date,
       up_user_id
FROM survey
where in_user_id=:1
2021-03-10 15:59:44,674 - simple_example - DEBUG - 
select survey_id,
       s_seq,
       question,
       a1,
       a2,
       a3,
       a4,
       in_date,
       in_user_id,
       up_date,
       up_user_id
FROM sdetail
where survey_id=:1
2021-03-10 15:59:51,422 - simple_example - DEBUG - 
select survey_id,
       title,
       content,
       interview_cnt,
       deadline,
       in_date,
       in_user_id,
       up_date,
       up_user_id
FROM survey
where in_user_id=:1
2021-03-10 15:59:52,715 - simple_example - DEBUG - 
select survey_id,
       title,
       content,
       interview_cnt,
       deadline,
       in_date,
       in_user_id,
       up_date,
       up_user_id
FROM survey
where in_user_id=:1
2021-03-10 15:59:53,277 - simple_example - DEBUG - 
select survey_id,
       s_seq,
       question,
       a1,
       a2,
       a3,
       a4,
       in_date,
       in_user_id,
       up_date,
       up_user_id
FROM sdetail
where survey_id=:1
2021-03-10 15:59:54,667 - simple_example - DEBUG - 
select survey_id,
       title,
       content,
       interview_cnt,
       deadline,
       in_date,
       in_user_id,
       up_date,
       up_user_id
FROM survey
where in_user_id=:1
2021-03-10 15:59:55,503 - simple_example - DEBUG - 
select survey_id,
       s_seq,
       question,
       a1,
       a2,
       a3,
       a4,
       in_date,
       in_user_id,
       up_date,
       up_user_id
FROM sdetail
where survey_id=:1
2021-03-10 15:59:56,598 - simple_example - DEBUG - 
select survey_id,
       title,
       content,
       interview_cnt,
       deadline,
       in_date,
       in_user_id,
       up_date,
       up_user_id
FROM survey
where in_user_id=:1
2021-03-10 16:00:00,108 - simple_example - DEBUG - 
select survey_id,
       title,
       content,
       interview_cnt,
       deadline,
       in_date,
       in_user_id,
       up_date,
       up_user_id
FROM survey
where in_user_id=:1
2021-03-10 16:00:00,516 - simple_example - DEBUG - 
select survey_id,
       s_seq,
       question,
       a1,
       a2,
       a3,
       a4,
       in_date,
       in_user_id,
       up_date,
       up_user_id
FROM sdetail
where survey_id=:1
2021-03-10 16:00:06,378 - simple_example - DEBUG - 
select survey_id,
       title,
       content,
       interview_cnt,
       deadline,
       in_date,
       in_user_id,
       up_date,
       up_user_id
FROM survey
where in_user_id=:1
2021-03-10 16:00:09,148 - simple_example - DEBUG - 
select survey_id,
       s_seq,
       question,
       a1,
       a2,
       a3,
       a4,
       in_date,
       in_user_id,
       up_date,
       up_user_id
FROM sdetail
where survey_id=:1
2021-03-10 16:01:47,601 - simple_example - DEBUG - 
select user_id,
       pwd,
       user_name,
       birth,
       mobile,
       email,
       in_date,
       in_user_id,
       up_date,
       up_user_id
FROM suser
where user_id =:1
  and pwd =:2
order by user_id desc
2021-03-10 16:01:48,570 - simple_example - DEBUG - 
select survey_id,
       title,
       content,
       interview_cnt,
       deadline,
       in_date,
       in_user_id,
       up_date,
       up_user_id
FROM survey
where in_user_id=:1
2021-03-10 16:01:50,178 - simple_example - DEBUG - 
select survey_id,
       s_seq,
       question,
       a1,
       a2,
       a3,
       a4,
       in_date,
       in_user_id,
       up_date,
       up_user_id
FROM sdetail
where survey_id=:1
2021-03-10 16:02:08,149 - simple_example - DEBUG - 
insert into sdetail (survey_id, s_seq, question, a1, a2, a3, a4, in_date, in_user_id, up_date, up_user_id)
values (:1, :2, :3, :4, :5, :6, :7, to_char(sysdate,'yyyymmdd.hh24miss'), :8, :9, :10)
2021-03-10 16:02:08,180 - simple_example - DEBUG - 
select survey_id,
       s_seq,
       question,
       a1,
       a2,
       a3,
       a4,
       in_date,
       in_user_id,
       up_date,
       up_user_id
FROM sdetail
where survey_id=:1
2021-03-10 16:02:35,887 - simple_example - DEBUG - 
insert into sdetail (survey_id, s_seq, question, a1, a2, a3, a4, in_date, in_user_id, up_date, up_user_id)
values (:1, :2, :3, :4, :5, :6, :7, to_char(sysdate,'yyyymmdd.hh24miss'), :8, :9, :10)
2021-03-10 16:02:35,918 - simple_example - DEBUG - 
select survey_id,
       s_seq,
       question,
       a1,
       a2,
       a3,
       a4,
       in_date,
       in_user_id,
       up_date,
       up_user_id
FROM sdetail
where survey_id=:1
2021-03-10 16:03:14,195 - simple_example - DEBUG - 
update sdetail
set question =:1,
    a1 =:2,
    a2 =:3,
    a3 =:4,
    a4 =:5,
    up_date = to_char(sysdate, 'yyyymmdd.hh24miss'),
    up_user_id =:6
where survey_id =:7
  and s_seq =:8
2021-03-10 16:03:14,225 - simple_example - DEBUG - 
select survey_id,
       s_seq,
       question,
       a1,
       a2,
       a3,
       a4,
       in_date,
       in_user_id,
       up_date,
       up_user_id
FROM sdetail
where survey_id=:1
2021-03-10 16:16:59,055 - simple_example - DEBUG - 
select user_id,
       pwd,
       user_name,
       birth,
       mobile,
       email,
       in_date,
       in_user_id,
       up_date,
       up_user_id
FROM suser
where user_id =:1
  and pwd =:2
order by user_id desc
2021-03-10 16:17:00,161 - simple_example - DEBUG - 
select survey_id,
       title,
       content,
       interview_cnt,
       deadline,
       in_date,
       in_user_id,
       up_date,
       up_user_id
FROM survey
where in_user_id=:1
2021-03-10 16:17:01,436 - simple_example - DEBUG - 
select survey_id,
       s_seq,
       question,
       a1,
       a2,
       a3,
       a4,
       in_date,
       in_user_id,
       up_date,
       up_user_id,

  (select u.USER_NAME
   from suser u
   where d.in_user_id = u.USER_ID) as in_user_name
FROM sdetail d
where survey_id=:1
2021-03-10 16:17:16,282 - simple_example - DEBUG - 
update sdetail
set question =:1,
    a1 =:2,
    a2 =:3,
    a3 =:4,
    a4 =:5,
    up_date = to_char(sysdate, 'yyyymmdd.hh24miss'),
    up_user_id =:6
where survey_id =:7
  and s_seq =:8
2021-03-10 16:17:16,317 - simple_example - DEBUG - 
select survey_id,
       s_seq,
       question,
       a1,
       a2,
       a3,
       a4,
       in_date,
       in_user_id,
       up_date,
       up_user_id,

  (select u.USER_NAME
   from suser u
   where d.in_user_id = u.USER_ID) as in_user_name
FROM sdetail d
where survey_id=:1
2021-03-10 16:17:20,130 - simple_example - DEBUG - 
update sdetail
set question =:1,
    a1 =:2,
    a2 =:3,
    a3 =:4,
    a4 =:5,
    up_date = to_char(sysdate, 'yyyymmdd.hh24miss'),
    up_user_id =:6
where survey_id =:7
  and s_seq =:8
2021-03-10 16:17:20,162 - simple_example - DEBUG - 
select survey_id,
       s_seq,
       question,
       a1,
       a2,
       a3,
       a4,
       in_date,
       in_user_id,
       up_date,
       up_user_id,

  (select u.USER_NAME
   from suser u
   where d.in_user_id = u.USER_ID) as in_user_name
FROM sdetail d
where survey_id=:1
2021-03-10 16:18:16,677 - simple_example - DEBUG - 
select survey_id,
       s_seq,
       question,
       a1,
       a2,
       a3,
       a4,
       in_date,
       in_user_id,
       up_date,
       up_user_id,

  (select u.USER_NAME
   from suser u
   where d.in_user_id = u.USER_ID) as in_user_name
FROM sdetail d
where survey_id=:1
2021-03-10 16:18:55,679 - simple_example - DEBUG - 
insert into sdetail (survey_id, s_seq, question, a1, a2, a3, a4, in_date, in_user_id, up_date, up_user_id)
values (:1, :2, :3, :4, :5, :6, :7, to_char(sysdate,'yyyymmdd.hh24miss'), :8, to_char(sysdate,'yyyymmdd.hh24miss'), :9)
2021-03-10 16:21:03,662 - simple_example - DEBUG - 
select user_id,
       pwd,
       user_name,
       birth,
       mobile,
       email,
       in_date,
       in_user_id,
       up_date,
       up_user_id
FROM suser
where user_id =:1
  and pwd =:2
order by user_id desc
2021-03-10 16:21:04,535 - simple_example - DEBUG - 
select survey_id,
       title,
       content,
       interview_cnt,
       deadline,
       in_date,
       in_user_id,
       up_date,
       up_user_id
FROM survey
where in_user_id=:1
2021-03-10 16:21:05,675 - simple_example - DEBUG - 
select survey_id,
       s_seq,
       question,
       a1,
       a2,
       a3,
       a4,
       in_date,
       in_user_id,
       up_date,
       up_user_id,

  (select u.USER_NAME
   from suser u
   where d.in_user_id = u.USER_ID) as in_user_name
FROM sdetail d
where survey_id=:1
2021-03-10 16:23:13,815 - simple_example - DEBUG - 
select user_id,
       pwd,
       user_name,
       birth,
       mobile,
       email,
       in_date,
       in_user_id,
       up_date,
       up_user_id
FROM suser
where user_id =:1
  and pwd =:2
order by user_id desc
2021-03-10 16:23:14,481 - simple_example - DEBUG - 
select survey_id,
       title,
       content,
       interview_cnt,
       deadline,
       in_date,
       in_user_id,
       up_date,
       up_user_id
FROM survey
where in_user_id=:1
2021-03-10 16:23:16,349 - simple_example - DEBUG - 
select survey_id,
       s_seq,
       question,
       a1,
       a2,
       a3,
       a4,
       in_date,
       in_user_id,
       up_date,
       up_user_id,

  (select u.USER_NAME
   from suser u
   where d.in_user_id = u.USER_ID) as in_user_name
FROM sdetail d
where survey_id=:1
2021-03-10 16:23:28,866 - simple_example - DEBUG - 
insert into sdetail (survey_id, s_seq, question, a1, a2, a3, a4, in_date, in_user_id, up_date, up_user_id)
values (:1, :2, :3, :4, :5, :6, :7, to_char(sysdate,'yyyymmdd.hh24miss'), :8, to_char(sysdate,'yyyymmdd.hh24miss'), :9)
2021-03-10 16:23:28,934 - simple_example - DEBUG - 
select survey_id,
       s_seq,
       question,
       a1,
       a2,
       a3,
       a4,
       in_date,
       in_user_id,
       up_date,
       up_user_id,

  (select u.USER_NAME
   from suser u
   where d.in_user_id = u.USER_ID) as in_user_name
FROM sdetail d
where survey_id=:1
2021-03-10 16:26:12,464 - simple_example - DEBUG - 
select user_id,
       pwd,
       user_name,
       birth,
       mobile,
       email,
       in_date,
       in_user_id,
       up_date,
       up_user_id
FROM suser
where user_id =:1
  and pwd =:2
order by user_id desc
2021-03-10 16:26:13,559 - simple_example - DEBUG - 
select user_id,
       pwd,
       user_name,
       birth,
       mobile,
       email,
       in_date,
       in_user_id,
       up_date,
       up_user_id
FROM suser
order by user_id desc
2021-03-10 16:26:14,367 - simple_example - DEBUG - 
select survey_id,
       title,
       content,
       interview_cnt,
       deadline,
       in_date,
       in_user_id,
       up_date,
       up_user_id
FROM survey
where in_user_id=:1
2021-03-10 16:26:15,434 - simple_example - DEBUG - 
select survey_id,
       s_seq,
       question,
       a1,
       a2,
       a3,
       a4,
       in_date,
       in_user_id,
       up_date,
       up_user_id,

  (select u.USER_NAME
   from suser u
   where d.in_user_id = u.USER_ID) as in_user_name
FROM sdetail d
where survey_id=:1
2021-03-10 16:26:16,102 - simple_example - DEBUG - 
select survey_id,
       title,
       content,
       interview_cnt,
       deadline,
       in_date,
       in_user_id,
       up_date,
       up_user_id
FROM survey
where in_user_id=:1
2021-03-10 16:26:16,784 - simple_example - DEBUG - 
select user_id,
       pwd,
       user_name,
       birth,
       mobile,
       email,
       in_date,
       in_user_id,
       up_date,
       up_user_id
FROM suser
order by user_id desc
2021-03-10 16:26:17,239 - simple_example - DEBUG - 
select survey_id,
       title,
       content,
       interview_cnt,
       deadline,
       in_date,
       in_user_id,
       up_date,
       up_user_id
FROM survey
where in_user_id=:1
2021-03-10 16:26:18,185 - simple_example - DEBUG - 
select survey_id,
       s_seq,
       question,
       a1,
       a2,
       a3,
       a4,
       in_date,
       in_user_id,
       up_date,
       up_user_id,

  (select u.USER_NAME
   from suser u
   where d.in_user_id = u.USER_ID) as in_user_name
FROM sdetail d
where survey_id=:1
2021-03-10 16:26:26,856 - simple_example - DEBUG - 
select user_id,
       pwd,
       user_name,
       birth,
       mobile,
       email,
       in_date,
       in_user_id,
       up_date,
       up_user_id
FROM suser
order by user_id desc
2021-03-10 16:26:28,471 - simple_example - DEBUG - 
select survey_id,
       title,
       content,
       interview_cnt,
       deadline,
       in_date,
       in_user_id,
       up_date,
       up_user_id
FROM survey
where in_user_id=:1
2021-03-10 16:26:29,753 - simple_example - DEBUG - 
select survey_id,
       s_seq,
       question,
       a1,
       a2,
       a3,
       a4,
       in_date,
       in_user_id,
       up_date,
       up_user_id,

  (select u.USER_NAME
   from suser u
   where d.in_user_id = u.USER_ID) as in_user_name
FROM sdetail d
where survey_id=:1
2021-03-10 16:26:36,554 - simple_example - DEBUG - 
update sdetail
set question =:1,
    a1 =:2,
    a2 =:3,
    a3 =:4,
    a4 =:5,
    up_date = to_char(sysdate, 'yyyymmdd.hh24miss'),
    up_user_id =:6
where survey_id =:7
  and s_seq =:8
2021-03-10 16:26:36,586 - simple_example - DEBUG - 
select survey_id,
       s_seq,
       question,
       a1,
       a2,
       a3,
       a4,
       in_date,
       in_user_id,
       up_date,
       up_user_id,

  (select u.USER_NAME
   from suser u
   where d.in_user_id = u.USER_ID) as in_user_name
FROM sdetail d
where survey_id=:1
2021-03-10 16:33:05,257 - simple_example - DEBUG - 
select user_id,
       pwd,
       user_name,
       birth,
       mobile,
       email,
       in_date,
       in_user_id,
       up_date,
       up_user_id
FROM suser
where user_id =:1
  and pwd =:2
order by user_id desc
2021-03-10 16:33:06,021 - simple_example - DEBUG - 
select survey_id,
       title,
       content,
       interview_cnt,
       deadline,
       in_date,
       in_user_id,
       up_date,
       up_user_id
FROM survey
where in_user_id=:1
2021-03-10 16:33:07,285 - simple_example - DEBUG - 
select survey_id,
       st_mobile,
       complete_yn,
       in_date,
       in_user_id,
       up_date,
       up_user_id
FROM starget
2021-03-10 16:33:15,165 - simple_example - DEBUG - 
select survey_id,
       title,
       content,
       interview_cnt,
       deadline,
       in_date,
       in_user_id,
       up_date,
       up_user_id
FROM survey
where in_user_id=:1
2021-03-10 16:33:16,527 - simple_example - DEBUG - 
select survey_id,
       st_mobile,
       complete_yn,
       in_date,
       in_user_id,
       up_date,
       up_user_id
FROM starget
2021-03-10 16:35:35,734 - simple_example - DEBUG - 
select user_id,
       pwd,
       user_name,
       birth,
       mobile,
       email,
       in_date,
       in_user_id,
       up_date,
       up_user_id
FROM suser
where user_id =:1
  and pwd =:2
order by user_id desc
2021-03-10 16:35:36,439 - simple_example - DEBUG - 
select survey_id,
       title,
       content,
       interview_cnt,
       deadline,
       in_date,
       in_user_id,
       up_date,
       up_user_id
FROM survey
where in_user_id=:1
2021-03-10 16:39:11,402 - simple_example - DEBUG - 
select user_id,
       pwd,
       user_name,
       birth,
       mobile,
       email,
       in_date,
       in_user_id,
       up_date,
       up_user_id
FROM suser
where user_id =:1
  and pwd =:2
order by user_id desc
2021-03-10 16:39:12,341 - simple_example - DEBUG - 
select survey_id,
       title,
       content,
       interview_cnt,
       deadline,
       in_date,
       in_user_id,
       up_date,
       up_user_id
FROM survey
where in_user_id=:1
2021-03-10 16:39:14,829 - simple_example - DEBUG - 
select survey_id,
       st_mobile,
       complete_yn,
       in_date,
       in_user_id,
       up_date,
       up_user_id
FROM starget
where survey_id=:1
2021-03-10 16:39:31,207 - simple_example - DEBUG - 
insert into starget (survey_id, st_mobile, complete_yn, in_date, in_user_id, up_date, up_user_id)
values (:1, :2, :3, to_char(sysdate,'yyyymmdd.hh24miss'), :4, to_char(sysdate,'yyyymmdd.hh24miss'), :5)
2021-03-10 16:39:31,262 - simple_example - DEBUG - 
select survey_id,
       st_mobile,
       complete_yn,
       in_date,
       in_user_id,
       up_date,
       up_user_id
FROM starget
where survey_id=:1
2021-03-10 16:39:44,388 - simple_example - DEBUG - 
update starget
set complete_yn =:1,
    up_date = to_char(sysdate, 'yyyymmdd.hh24miss'),
    up_user_id =:2
where survey_id =:3
  and st_mobile =:4
2021-03-10 16:43:17,832 - simple_example - DEBUG - 
select user_id,
       pwd,
       user_name,
       birth,
       mobile,
       email,
       in_date,
       in_user_id,
       up_date,
       up_user_id
FROM suser
where user_id =:1
  and pwd =:2
order by user_id desc
2021-03-10 16:43:18,774 - simple_example - DEBUG - 
select user_id,
       pwd,
       user_name,
       birth,
       mobile,
       email,
       in_date,
       in_user_id,
       up_date,
       up_user_id
FROM suser
order by user_id desc
2021-03-10 16:44:00,835 - simple_example - DEBUG - 
select user_id,
       pwd,
       user_name,
       birth,
       mobile,
       email,
       in_date,
       in_user_id,
       up_date,
       up_user_id
FROM suser
order by user_id desc
2021-03-10 16:45:44,585 - simple_example - DEBUG - 
select user_id,
       pwd,
       user_name,
       birth,
       mobile,
       email,
       in_date,
       in_user_id,
       up_date,
       up_user_id
FROM suser
where user_id =:1
  and pwd =:2
order by user_id desc
2021-03-10 16:45:45,549 - simple_example - DEBUG - 
select survey_id,
       title,
       content,
       interview_cnt,
       deadline,
       in_date,
       in_user_id,
       up_date,
       up_user_id
FROM survey
where in_user_id=:1
2021-03-10 16:45:48,568 - simple_example - DEBUG - 
select survey_id,
       s_seq,
       question,
       a1,
       a2,
       a3,
       a4,
       in_date,
       in_user_id,
       up_date,
       up_user_id,

  (select u.USER_NAME
   from suser u
   where d.in_user_id = u.USER_ID) as in_user_name
FROM sdetail d
where survey_id=:1
2021-03-10 16:45:50,347 - simple_example - DEBUG - 
select survey_id,
       s_seq,
       question,
       a1,
       a2,
       a3,
       a4,
       in_date,
       in_user_id,
       up_date,
       up_user_id,

  (select u.USER_NAME
   from suser u
   where d.in_user_id = u.USER_ID) as in_user_name
FROM sdetail d
where survey_id=:1
2021-03-10 16:58:24,628 - simple_example - DEBUG - 
select survey_id,
       s_seq,
       question,
       a1,
       a2,
       a3,
       a4,
       in_date,
       in_user_id,
       up_date,
       up_user_id,

  (select u.USER_NAME
   from suser u
   where d.in_user_id = u.USER_ID) as in_user_name
FROM sdetail d
where survey_id=:1
2021-03-10 16:58:32,455 - simple_example - DEBUG - 
select user_id,
       pwd,
       user_name,
       birth,
       mobile,
       email,
       in_date,
       in_user_id,
       up_date,
       up_user_id
FROM suser
where user_id =:1
  and pwd =:2
order by user_id desc
2021-03-10 16:58:35,338 - simple_example - DEBUG - 
select survey_id,
       s_seq,
       question,
       a1,
       a2,
       a3,
       a4,
       in_date,
       in_user_id,
       up_date,
       up_user_id,

  (select u.USER_NAME
   from suser u
   where d.in_user_id = u.USER_ID) as in_user_name
FROM sdetail d
where survey_id=:1
2021-03-10 17:01:02,397 - simple_example - DEBUG - 
select user_id,
       pwd,
       user_name,
       birth,
       mobile,
       email,
       in_date,
       in_user_id,
       up_date,
       up_user_id
FROM suser
where user_id =:1
  and pwd =:2
order by user_id desc
2021-03-10 17:01:05,802 - simple_example - DEBUG - 
select survey_id,
       s_seq,
       question,
       a1,
       a2,
       a3,
       a4,
       in_date,
       in_user_id,
       up_date,
       up_user_id,

  (select u.USER_NAME
   from suser u
   where d.in_user_id = u.USER_ID) as in_user_name
FROM sdetail d
where survey_id=:1
2021-03-10 17:01:08,747 - simple_example - DEBUG - 
select user_id,
       pwd,
       user_name,
       birth,
       mobile,
       email,
       in_date,
       in_user_id,
       up_date,
       up_user_id
FROM suser
order by user_id desc
2021-03-10 17:01:09,404 - simple_example - DEBUG - 
select survey_id,
       title,
       content,
       interview_cnt,
       deadline,
       in_date,
       in_user_id,
       up_date,
       up_user_id
FROM survey
where in_user_id=:1
2021-03-10 17:01:10,695 - simple_example - DEBUG - 
select survey_id,
       s_seq,
       question,
       a1,
       a2,
       a3,
       a4,
       in_date,
       in_user_id,
       up_date,
       up_user_id,

  (select u.USER_NAME
   from suser u
   where d.in_user_id = u.USER_ID) as in_user_name
FROM sdetail d
where survey_id=:1
2021-03-10 17:01:11,434 - simple_example - DEBUG - 
select survey_id,
       title,
       content,
       interview_cnt,
       deadline,
       in_date,
       in_user_id,
       up_date,
       up_user_id
FROM survey
where in_user_id=:1
2021-03-10 17:01:12,625 - simple_example - DEBUG - 
select survey_id,
       st_mobile,
       complete_yn,
       in_date,
       in_user_id,
       up_date,
       up_user_id
FROM starget
where survey_id=:1
2021-03-10 17:01:13,741 - simple_example - DEBUG - 
select survey_id,
       s_seq,
       question,
       a1,
       a2,
       a3,
       a4,
       in_date,
       in_user_id,
       up_date,
       up_user_id,

  (select u.USER_NAME
   from suser u
   where d.in_user_id = u.USER_ID) as in_user_name
FROM sdetail d
where survey_id=:1
2021-03-10 17:01:14,770 - simple_example - DEBUG - 
select survey_id,
       title,
       content,
       interview_cnt,
       deadline,
       in_date,
       in_user_id,
       up_date,
       up_user_id
FROM survey
where in_user_id=:1
2021-03-10 17:01:15,952 - simple_example - DEBUG - 
select survey_id,
       s_seq,
       st_mobile,
       answer,
       in_date,
       in_user_id,
       up_date,
       up_user_id
FROM sresult
2021-03-10 17:01:17,021 - simple_example - DEBUG - 
select user_id,
       pwd,
       user_name,
       birth,
       mobile,
       email,
       in_date,
       in_user_id,
       up_date,
       up_user_id
FROM suser
order by user_id desc
2021-03-10 17:01:17,346 - simple_example - DEBUG - 
select survey_id,
       title,
       content,
       interview_cnt,
       deadline,
       in_date,
       in_user_id,
       up_date,
       up_user_id
FROM survey
where in_user_id=:1
2021-03-10 17:01:18,447 - simple_example - DEBUG - 
select survey_id,
       s_seq,
       question,
       a1,
       a2,
       a3,
       a4,
       in_date,
       in_user_id,
       up_date,
       up_user_id,

  (select u.USER_NAME
   from suser u
   where d.in_user_id = u.USER_ID) as in_user_name
FROM sdetail d
where survey_id=:1
2021-03-10 17:02:57,891 - simple_example - DEBUG - 
select survey_id,
       s_seq,
       question,
       a1,
       a2,
       a3,
       a4,
       in_date,
       in_user_id,
       up_date,
       up_user_id,

  (select u.USER_NAME
   from suser u
   where d.in_user_id = u.USER_ID) as in_user_name
FROM sdetail d
where survey_id=:1
2021-03-10 17:04:00,407 - simple_example - DEBUG - 
select user_id,
       pwd,
       user_name,
       birth,
       mobile,
       email,
       in_date,
       in_user_id,
       up_date,
       up_user_id
FROM suser
where user_id =:1
  and pwd =:2
order by user_id desc
2021-03-10 17:04:01,244 - simple_example - DEBUG - 
select survey_id,
       title,
       content,
       interview_cnt,
       deadline,
       in_date,
       in_user_id,
       up_date,
       up_user_id
FROM survey
where in_user_id=:1
2021-03-10 17:04:03,656 - simple_example - DEBUG - 
select survey_id,
       s_seq,
       question,
       a1,
       a2,
       a3,
       a4,
       in_date,
       in_user_id,
       up_date,
       up_user_id,

  (select u.USER_NAME
   from suser u
   where d.in_user_id = u.USER_ID) as in_user_name
FROM sdetail d
where survey_id=:1
2021-03-10 17:04:06,316 - simple_example - DEBUG - 
select survey_id,
       s_seq,
       question,
       a1,
       a2,
       a3,
       a4,
       in_date,
       in_user_id,
       up_date,
       up_user_id,

  (select u.USER_NAME
   from suser u
   where d.in_user_id = u.USER_ID) as in_user_name
FROM sdetail d
where survey_id=:1
2021-03-10 17:04:07,105 - simple_example - DEBUG - 
select survey_id,
       s_seq,
       question,
       a1,
       a2,
       a3,
       a4,
       in_date,
       in_user_id,
       up_date,
       up_user_id,

  (select u.USER_NAME
   from suser u
   where d.in_user_id = u.USER_ID) as in_user_name
FROM sdetail d
where survey_id=:1
2021-03-10 17:04:09,408 - simple_example - DEBUG - 
select survey_id,
       s_seq,
       question,
       a1,
       a2,
       a3,
       a4,
       in_date,
       in_user_id,
       up_date,
       up_user_id,

  (select u.USER_NAME
   from suser u
   where d.in_user_id = u.USER_ID) as in_user_name
FROM sdetail d
where survey_id=:1
2021-03-10 17:04:25,041 - simple_example - DEBUG - 
select survey_id,
       s_seq,
       question,
       a1,
       a2,
       a3,
       a4,
       in_date,
       in_user_id,
       up_date,
       up_user_id,

  (select u.USER_NAME
   from suser u
   where d.in_user_id = u.USER_ID) as in_user_name
FROM sdetail d
where survey_id=:1
2021-03-10 17:04:29,023 - simple_example - DEBUG - 
select survey_id,
       s_seq,
       question,
       a1,
       a2,
       a3,
       a4,
       in_date,
       in_user_id,
       up_date,
       up_user_id,

  (select u.USER_NAME
   from suser u
   where d.in_user_id = u.USER_ID) as in_user_name
FROM sdetail d
where survey_id=:1
