2021-03-10 17:10:24,461 - simple_example - DEBUG - 
select survey_id,
       s_seq,
       question,
       a1,
       a2,
       a3,
       a4,
       in_date,
       in_user_id,
       up_date,
       up_user_id,

  (select u.USER_NAME
   from suser u
   where d.in_user_id = u.USER_ID) as in_user_name
FROM sdetail d
where survey_id=:1
2021-03-10 17:10:40,089 - simple_example - DEBUG - 
select survey_id,
       s_seq,
       question,
       a1,
       a2,
       a3,
       a4,
       in_date,
       in_user_id,
       up_date,
       up_user_id,

  (select u.USER_NAME
   from suser u
   where d.in_user_id = u.USER_ID) as in_user_name
FROM sdetail d
where survey_id=:1
2021-03-10 17:11:51,845 - simple_example - DEBUG - 
select survey_id,
       s_seq,
       question,
       a1,
       a2,
       a3,
       a4,
       in_date,
       in_user_id,
       up_date,
       up_user_id,

  (select u.USER_NAME
   from suser u
   where d.in_user_id = u.USER_ID) as in_user_name
FROM sdetail d
where survey_id=:1
2021-03-10 17:12:26,557 - simple_example - DEBUG - 
select survey_id,
       s_seq,
       question,
       a1,
       a2,
       a3,
       a4,
       in_date,
       in_user_id,
       up_date,
       up_user_id,

  (select u.USER_NAME
   from suser u
   where d.in_user_id = u.USER_ID) as in_user_name
FROM sdetail d
where survey_id=:1
2021-03-10 17:18:39,037 - simple_example - DEBUG - 
select survey_id,
       s_seq,
       question,
       a1,
       a2,
       a3,
       a4,
       in_date,
       in_user_id,
       up_date,
       up_user_id,

  (select u.USER_NAME
   from suser u
   where d.in_user_id = u.USER_ID) as in_user_name
FROM sdetail d
where survey_id=:1
2021-03-10 17:18:43,331 - simple_example - DEBUG - 
select survey_id,
       s_seq,
       question,
       a1,
       a2,
       a3,
       a4,
       in_date,
       in_user_id,
       up_date,
       up_user_id,

  (select u.USER_NAME
   from suser u
   where d.in_user_id = u.USER_ID) as in_user_name
FROM sdetail d
where survey_id=:1
2021-03-10 17:18:58,138 - simple_example - DEBUG - 
select survey_id,
       s_seq,
       question,
       a1,
       a2,
       a3,
       a4,
       in_date,
       in_user_id,
       up_date,
       up_user_id,

  (select u.USER_NAME
   from suser u
   where d.in_user_id = u.USER_ID) as in_user_name
FROM sdetail d
where survey_id=:1
2021-03-10 17:21:09,564 - simple_example - DEBUG - 
select user_id,
       pwd,
       user_name,
       birth,
       mobile,
       email,
       in_date,
       in_user_id,
       up_date,
       up_user_id
FROM suser
where user_id =:1
  and pwd =:2
order by user_id desc
2021-03-10 17:21:10,608 - simple_example - DEBUG - 
select survey_id,
       title,
       content,
       interview_cnt,
       deadline,
       in_date,
       in_user_id,
       up_date,
       up_user_id
FROM survey
where in_user_id=:1
2021-03-10 17:21:11,018 - simple_example - DEBUG - 
select survey_id,
       s_seq,
       question,
       a1,
       a2,
       a3,
       a4,
       in_date,
       in_user_id,
       up_date,
       up_user_id,

  (select u.USER_NAME
   from suser u
   where d.in_user_id = u.USER_ID) as in_user_name
FROM sdetail d
where survey_id=:1
2021-03-10 17:21:12,152 - simple_example - DEBUG - 
select user_id,
       pwd,
       user_name,
       birth,
       mobile,
       email,
       in_date,
       in_user_id,
       up_date,
       up_user_id
FROM suser
order by user_id desc
2021-03-10 17:21:12,592 - simple_example - DEBUG - 
select survey_id,
       title,
       content,
       interview_cnt,
       deadline,
       in_date,
       in_user_id,
       up_date,
       up_user_id
FROM survey
where in_user_id=:1
2021-03-10 17:21:14,048 - simple_example - DEBUG - 
select survey_id,
       st_mobile,
       complete_yn,
       in_date,
       in_user_id,
       up_date,
       up_user_id
FROM starget
where survey_id=:1
2021-03-10 17:21:14,696 - simple_example - DEBUG - 
select survey_id,
       title,
       content,
       interview_cnt,
       deadline,
       in_date,
       in_user_id,
       up_date,
       up_user_id
FROM survey
where in_user_id=:1
2021-03-10 17:21:15,355 - simple_example - DEBUG - 
select survey_id,
       s_seq,
       question,
       a1,
       a2,
       a3,
       a4,
       in_date,
       in_user_id,
       up_date,
       up_user_id,

  (select u.USER_NAME
   from suser u
   where d.in_user_id = u.USER_ID) as in_user_name
FROM sdetail d
where survey_id=:1
2021-03-10 17:21:54,555 - simple_example - DEBUG - 
select survey_id,
       s_seq,
       question,
       a1,
       a2,
       a3,
       a4,
       in_date,
       in_user_id,
       up_date,
       up_user_id,

  (select u.USER_NAME
   from suser u
   where d.in_user_id = u.USER_ID) as in_user_name
FROM sdetail d
where survey_id=:1
2021-03-10 17:35:48,120 - simple_example - DEBUG - 
select user_id,
       pwd,
       user_name,
       birth,
       mobile,
       email,
       in_date,
       in_user_id,
       up_date,
       up_user_id
FROM suser
where user_id =:1
  and pwd =:2
order by user_id desc
2021-03-10 17:35:49,457 - simple_example - DEBUG - 
select survey_id,
       title,
       content,
       interview_cnt,
       deadline,
       in_date,
       in_user_id,
       up_date,
       up_user_id
FROM survey
where in_user_id=:1
2021-03-10 17:35:56,581 - simple_example - DEBUG - 
select survey_id,
       title,
       content,
       interview_cnt,
       deadline,
       in_date,
       in_user_id,
       up_date,
       up_user_id
FROM survey
where in_user_id=:1
2021-03-10 17:37:46,363 - simple_example - DEBUG - 
select user_id,
       pwd,
       user_name,
       birth,
       mobile,
       email,
       in_date,
       in_user_id,
       up_date,
       up_user_id
FROM suser
where user_id =:1
  and pwd =:2
order by user_id desc
2021-03-10 17:37:48,295 - simple_example - DEBUG - 
select survey_id,
       title,
       content,
       interview_cnt,
       deadline,
       in_date,
       in_user_id,
       up_date,
       up_user_id
FROM survey
where in_user_id=:1
2021-03-10 17:39:37,269 - simple_example - DEBUG - 
select user_id,
       pwd,
       user_name,
       birth,
       mobile,
       email,
       in_date,
       in_user_id,
       up_date,
       up_user_id
FROM suser
where user_id =:1
  and pwd =:2
order by user_id desc
2021-03-10 17:39:38,909 - simple_example - DEBUG - 
select survey_id,
       title,
       content,
       interview_cnt,
       deadline,
       in_date,
       in_user_id,
       up_date,
       up_user_id
FROM survey
where in_user_id=:1
2021-03-10 17:43:19,296 - simple_example - DEBUG - 
select user_id,
       pwd,
       user_name,
       birth,
       mobile,
       email,
       in_date,
       in_user_id,
       up_date,
       up_user_id
FROM suser
where user_id =:1
  and pwd =:2
order by user_id desc
2021-03-10 17:43:20,583 - simple_example - DEBUG - 
select survey_id,
       title,
       content,
       interview_cnt,
       deadline,
       in_date,
       in_user_id,
       up_date,
       up_user_id
FROM survey
where in_user_id=:1
2021-03-10 17:44:07,262 - simple_example - DEBUG - 
select user_id,
       pwd,
       user_name,
       birth,
       mobile,
       email,
       in_date,
       in_user_id,
       up_date,
       up_user_id
FROM suser
order by user_id desc
2021-03-10 18:12:41,924 - simple_example - DEBUG - 
select survey_id,
       s_seq,
       question,
       a1,
       a2,
       a3,
       a4,
       in_date,
       in_user_id,
       up_date,
       up_user_id,

  (select u.USER_NAME
   from suser u
   where d.in_user_id = u.USER_ID) as in_user_name
FROM sdetail d
where survey_id=:1
2021-03-10 18:12:47,460 - simple_example - DEBUG - 
select survey_id,
       s_seq,
       question,
       a1,
       a2,
       a3,
       a4,
       in_date,
       in_user_id,
       up_date,
       up_user_id,

  (select u.USER_NAME
   from suser u
   where d.in_user_id = u.USER_ID) as in_user_name
FROM sdetail d
where survey_id=:1
2021-03-10 18:15:40,870 - simple_example - DEBUG - 
select survey_id,
       s_seq,
       question,
       a1,
       a2,
       a3,
       a4,
       in_date,
       in_user_id,
       up_date,
       up_user_id,

  (select u.USER_NAME
   from suser u
   where d.in_user_id = u.USER_ID) as in_user_name
FROM sdetail d
where survey_id=:1
2021-03-10 18:16:39,017 - simple_example - DEBUG - 
select survey_id,
       s_seq,
       question,
       a1,
       a2,
       a3,
       a4,
       in_date,
       in_user_id,
       up_date,
       up_user_id,

  (select u.USER_NAME
   from suser u
   where d.in_user_id = u.USER_ID) as in_user_name
FROM sdetail d
where survey_id=:1
2021-03-10 18:18:17,064 - simple_example - DEBUG - 
select survey_id,
       s_seq,
       question,
       a1,
       a2,
       a3,
       a4,
       in_date,
       in_user_id,
       up_date,
       up_user_id,

  (select u.USER_NAME
   from suser u
   where d.in_user_id = u.USER_ID) as in_user_name
FROM sdetail d
where survey_id=:1
2021-03-10 18:20:07,582 - simple_example - DEBUG - 
select survey_id,
       s_seq,
       question,
       a1,
       a2,
       a3,
       a4,
       in_date,
       in_user_id,
       up_date,
       up_user_id,

  (select u.USER_NAME
   from suser u
   where d.in_user_id = u.USER_ID) as in_user_name
FROM sdetail d
where survey_id=:1
2021-03-10 18:24:28,195 - simple_example - DEBUG - 
select survey_id,
       s_seq,
       question,
       a1,
       a2,
       a3,
       a4,
       in_date,
       in_user_id,
       up_date,
       up_user_id,

  (select u.USER_NAME
   from suser u
   where d.in_user_id = u.USER_ID) as in_user_name
FROM sdetail d
where survey_id=:1
2021-03-10 18:24:42,172 - simple_example - DEBUG - 
select survey_id,
       s_seq,
       question,
       a1,
       a2,
       a3,
       a4,
       in_date,
       in_user_id,
       up_date,
       up_user_id,

  (select u.USER_NAME
   from suser u
   where d.in_user_id = u.USER_ID) as in_user_name
FROM sdetail d
where survey_id=:1
2021-03-10 18:24:53,323 - simple_example - DEBUG - 
select survey_id,
       s_seq,
       question,
       a1,
       a2,
       a3,
       a4,
       in_date,
       in_user_id,
       up_date,
       up_user_id,

  (select u.USER_NAME
   from suser u
   where d.in_user_id = u.USER_ID) as in_user_name
FROM sdetail d
where survey_id=:1
2021-03-10 18:24:57,363 - simple_example - DEBUG - 
select survey_id,
       s_seq,
       question,
       a1,
       a2,
       a3,
       a4,
       in_date,
       in_user_id,
       up_date,
       up_user_id,

  (select u.USER_NAME
   from suser u
   where d.in_user_id = u.USER_ID) as in_user_name
FROM sdetail d
where survey_id=:1
2021-03-10 18:28:30,375 - simple_example - DEBUG - 
select survey_id,
       s_seq,
       question,
       a1,
       a2,
       a3,
       a4,
       in_date,
       in_user_id,
       up_date,
       up_user_id,

  (select u.USER_NAME
   from suser u
   where d.in_user_id = u.USER_ID) as in_user_name
FROM sdetail d
where survey_id=:1
2021-03-10 18:28:38,150 - simple_example - DEBUG - 
select survey_id,
       s_seq,
       question,
       a1,
       a2,
       a3,
       a4,
       in_date,
       in_user_id,
       up_date,
       up_user_id,

  (select u.USER_NAME
   from suser u
   where d.in_user_id = u.USER_ID) as in_user_name
FROM sdetail d
where survey_id=:1
2021-03-10 18:28:38,614 - simple_example - DEBUG - 
select survey_id,
       s_seq,
       question,
       a1,
       a2,
       a3,
       a4,
       in_date,
       in_user_id,
       up_date,
       up_user_id,

  (select u.USER_NAME
   from suser u
   where d.in_user_id = u.USER_ID) as in_user_name
FROM sdetail d
where survey_id=:1
2021-03-10 18:28:40,327 - simple_example - DEBUG - 
select survey_id,
       s_seq,
       question,
       a1,
       a2,
       a3,
       a4,
       in_date,
       in_user_id,
       up_date,
       up_user_id,

  (select u.USER_NAME
   from suser u
   where d.in_user_id = u.USER_ID) as in_user_name
FROM sdetail d
where survey_id=:1
2021-03-10 18:29:24,900 - simple_example - DEBUG - 
select survey_id,
       s_seq,
       question,
       a1,
       a2,
       a3,
       a4,
       in_date,
       in_user_id,
       up_date,
       up_user_id,

  (select u.USER_NAME
   from suser u
   where d.in_user_id = u.USER_ID) as in_user_name
FROM sdetail d
where survey_id=:1
2021-03-10 18:29:27,815 - simple_example - DEBUG - 
select survey_id,
       s_seq,
       question,
       a1,
       a2,
       a3,
       a4,
       in_date,
       in_user_id,
       up_date,
       up_user_id,

  (select u.USER_NAME
   from suser u
   where d.in_user_id = u.USER_ID) as in_user_name
FROM sdetail d
where survey_id=:1
2021-03-10 18:32:51,046 - simple_example - DEBUG - 
select survey_id,
       s_seq,
       question,
       a1,
       a2,
       a3,
       a4,
       in_date,
       in_user_id,
       up_date,
       up_user_id,

  (select u.USER_NAME
   from suser u
   where d.in_user_id = u.USER_ID) as in_user_name
FROM sdetail d
where survey_id=:1
2021-03-10 18:33:09,911 - simple_example - DEBUG - 
select survey_id,
       s_seq,
       question,
       a1,
       a2,
       a3,
       a4,
       in_date,
       in_user_id,
       up_date,
       up_user_id,

  (select u.USER_NAME
   from suser u
   where d.in_user_id = u.USER_ID) as in_user_name
FROM sdetail d
where survey_id=:1
2021-03-10 18:34:27,125 - simple_example - DEBUG - 
select survey_id,
       s_seq,
       question,
       a1,
       a2,
       a3,
       a4,
       in_date,
       in_user_id,
       up_date,
       up_user_id,

  (select u.USER_NAME
   from suser u
   where d.in_user_id = u.USER_ID) as in_user_name
FROM sdetail d
where survey_id=:1
2021-03-10 18:34:45,100 - simple_example - DEBUG - 
select survey_id,
       s_seq,
       question,
       a1,
       a2,
       a3,
       a4,
       in_date,
       in_user_id,
       up_date,
       up_user_id,

  (select u.USER_NAME
   from suser u
   where d.in_user_id = u.USER_ID) as in_user_name
FROM sdetail d
where survey_id=:1
2021-03-10 18:37:25,678 - simple_example - DEBUG - 
select survey_id,
       s_seq,
       question,
       a1,
       a2,
       a3,
       a4,
       in_date,
       in_user_id,
       up_date,
       up_user_id,

  (select u.USER_NAME
   from suser u
   where d.in_user_id = u.USER_ID) as in_user_name
FROM sdetail d
where survey_id=:1
2021-03-10 18:37:37,381 - simple_example - DEBUG - 
select survey_id,
       s_seq,
       question,
       a1,
       a2,
       a3,
       a4,
       in_date,
       in_user_id,
       up_date,
       up_user_id,

  (select u.USER_NAME
   from suser u
   where d.in_user_id = u.USER_ID) as in_user_name
FROM sdetail d
where survey_id=:1
2021-03-10 18:37:50,530 - simple_example - DEBUG - 
select survey_id,
       s_seq,
       question,
       a1,
       a2,
       a3,
       a4,
       in_date,
       in_user_id,
       up_date,
       up_user_id,

  (select u.USER_NAME
   from suser u
   where d.in_user_id = u.USER_ID) as in_user_name
FROM sdetail d
where survey_id=:1
2021-03-10 19:40:52,493 - simple_example - DEBUG - 
select survey_id,
       s_seq,
       question,
       a1,
       a2,
       a3,
       a4,
       in_date,
       in_user_id,
       up_date,
       up_user_id,

  (select u.USER_NAME
   from suser u
   where d.in_user_id = u.USER_ID) as in_user_name
FROM sdetail d
where survey_id=:1
2021-03-10 19:41:54,409 - simple_example - DEBUG - 
select survey_id,
       s_seq,
       question,
       a1,
       a2,
       a3,
       a4,
       in_date,
       in_user_id,
       up_date,
       up_user_id,

  (select u.USER_NAME
   from suser u
   where d.in_user_id = u.USER_ID) as in_user_name
FROM sdetail d
where survey_id=:1
2021-03-10 20:54:50,544 - simple_example - DEBUG - 
select survey_id,
       s_seq,
       question,
       a1,
       a2,
       a3,
       a4,
       in_date,
       in_user_id,
       up_date,
       up_user_id,

  (select u.USER_NAME
   from suser u
   where d.in_user_id = u.USER_ID) as in_user_name
FROM sdetail d
where survey_id=:1
2021-03-10 20:55:29,136 - simple_example - DEBUG - 
select survey_id,
       s_seq,
       question,
       a1,
       a2,
       a3,
       a4,
       in_date,
       in_user_id,
       up_date,
       up_user_id,

  (select u.USER_NAME
   from suser u
   where d.in_user_id = u.USER_ID) as in_user_name
FROM sdetail d
where survey_id=:1
2021-03-10 20:56:27,113 - simple_example - DEBUG - 
select survey_id,
       s_seq,
       question,
       a1,
       a2,
       a3,
       a4,
       in_date,
       in_user_id,
       up_date,
       up_user_id,

  (select u.USER_NAME
   from suser u
   where d.in_user_id = u.USER_ID) as in_user_name
FROM sdetail d
where survey_id=:1
2021-03-10 20:57:47,185 - simple_example - DEBUG - 
select survey_id,
       s_seq,
       question,
       a1,
       a2,
       a3,
       a4,
       in_date,
       in_user_id,
       up_date,
       up_user_id,

  (select u.USER_NAME
   from suser u
   where d.in_user_id = u.USER_ID) as in_user_name
FROM sdetail d
where survey_id=:1
2021-03-10 20:59:47,890 - simple_example - DEBUG - 
select survey_id,
       s_seq,
       question,
       a1,
       a2,
       a3,
       a4,
       in_date,
       in_user_id,
       up_date,
       up_user_id,

  (select u.USER_NAME
   from suser u
   where d.in_user_id = u.USER_ID) as in_user_name
FROM sdetail d
where survey_id=:1
2021-03-10 21:00:09,201 - simple_example - DEBUG - 
select survey_id,
       s_seq,
       question,
       a1,
       a2,
       a3,
       a4,
       in_date,
       in_user_id,
       up_date,
       up_user_id,

  (select u.USER_NAME
   from suser u
   where d.in_user_id = u.USER_ID) as in_user_name
FROM sdetail d
where survey_id=:1
2021-03-10 21:07:50,627 - simple_example - DEBUG - 
select survey_id,
       s_seq,
       question,
       a1,
       a2,
       a3,
       a4,
       in_date,
       in_user_id,
       up_date,
       up_user_id,

  (select u.USER_NAME
   from suser u
   where d.in_user_id = u.USER_ID) as in_user_name
FROM sdetail d
where survey_id=:1
2021-03-10 21:08:06,482 - simple_example - DEBUG - 
select survey_id,
       s_seq,
       question,
       a1,
       a2,
       a3,
       a4,
       in_date,
       in_user_id,
       up_date,
       up_user_id,

  (select u.USER_NAME
   from suser u
   where d.in_user_id = u.USER_ID) as in_user_name
FROM sdetail d
where survey_id=:1
2021-03-10 21:09:55,051 - simple_example - DEBUG - 
select survey_id,
       s_seq,
       question,
       a1,
       a2,
       a3,
       a4,
       in_date,
       in_user_id,
       up_date,
       up_user_id,

  (select u.USER_NAME
   from suser u
   where d.in_user_id = u.USER_ID) as in_user_name
FROM sdetail d
where survey_id=:1
2021-03-10 21:40:31,837 - simple_example - DEBUG - 
select survey_id,
       s_seq,
       question,
       a1,
       a2,
       a3,
       a4,
       in_date,
       in_user_id,
       up_date,
       up_user_id,

  (select u.USER_NAME
   from suser u
   where d.in_user_id = u.USER_ID) as in_user_name
FROM sdetail d
where survey_id=:1
